mode: set
github.com/laplogger/laplogger/main.go:13.13,22.16 3 0
github.com/laplogger/laplogger/main.go:22.16,24.3 1 0
github.com/laplogger/laplogger/main.go:25.2,25.15 1 0
github.com/laplogger/laplogger/main.go:25.15,25.43 1 0
github.com/laplogger/laplogger/main.go:28.2,48.44 12 0
github.com/laplogger/laplogger/main.go:48.44,50.3 1 0
github.com/laplogger/laplogger/main.go:53.2,54.2 2 0
github.com/laplogger/laplogger/main.go:54.2,57.3 2 0
github.com/laplogger/laplogger/main.go:60.2,62.2 3 0
github.com/laplogger/laplogger/main.go:62.2,66.3 3 0
github.com/laplogger/laplogger/main.go:69.2,72.2 4 0
github.com/laplogger/laplogger/main.go:72.2,107.3 25 0
github.com/laplogger/laplogger/main.go:109.2,110.53 2 0
github.com/laplogger/laplogger/main.go:110.53,112.3 1 0
github.com/laplogger/laplogger/config/config.go:21.21,34.2 1 1
github.com/laplogger/laplogger/config/config.go:36.42,37.34 1 1
github.com/laplogger/laplogger/config/config.go:37.34,39.3 1 1
github.com/laplogger/laplogger/config/config.go:40.2,40.17 1 1
github.com/laplogger/laplogger/database/control.go:24.82,31.16 3 0
github.com/laplogger/laplogger/database/control.go:31.16,33.3 1 0
github.com/laplogger/laplogger/database/control.go:35.2,35.34 1 0
github.com/laplogger/laplogger/database/control.go:35.34,37.3 1 0
github.com/laplogger/laplogger/database/control.go:39.2,39.49 1 0
github.com/laplogger/laplogger/database/control.go:39.49,41.3 1 0
github.com/laplogger/laplogger/database/control.go:43.2,44.32 2 0
github.com/laplogger/laplogger/database/control.go:47.45,49.16 2 0
github.com/laplogger/laplogger/database/control.go:49.16,51.3 1 0
github.com/laplogger/laplogger/database/control.go:53.2,54.16 2 0
github.com/laplogger/laplogger/database/control.go:54.16,56.3 1 0
github.com/laplogger/laplogger/database/control.go:58.2,59.16 2 0
github.com/laplogger/laplogger/database/control.go:59.16,61.3 1 0
github.com/laplogger/laplogger/database/control.go:63.2,63.61 1 0
github.com/laplogger/laplogger/database/control.go:63.61,65.3 1 0
github.com/laplogger/laplogger/database/control.go:67.2,67.12 1 0
github.com/laplogger/laplogger/database/control.go:71.75,76.2 1 0
github.com/laplogger/laplogger/database/provisioner.go:22.92,23.38 1 1
github.com/laplogger/laplogger/database/provisioner.go:23.38,25.3 1 1
github.com/laplogger/laplogger/database/provisioner.go:26.2,26.22 1 0
github.com/laplogger/laplogger/database/provisioner.go:26.22,28.3 1 0
github.com/laplogger/laplogger/database/provisioner.go:31.2,33.16 3 0
github.com/laplogger/laplogger/database/provisioner.go:33.16,35.3 1 0
github.com/laplogger/laplogger/database/provisioner.go:37.2,37.13 1 0
github.com/laplogger/laplogger/database/provisioner.go:37.13,40.17 2 0
github.com/laplogger/laplogger/database/provisioner.go:40.17,42.4 1 0
github.com/laplogger/laplogger/database/provisioner.go:43.3,43.52 1 0
github.com/laplogger/laplogger/database/provisioner.go:47.2,53.16 3 0
github.com/laplogger/laplogger/database/provisioner.go:53.16,55.3 1 0
github.com/laplogger/laplogger/database/provisioner.go:56.2,56.15 1 0
github.com/laplogger/laplogger/database/provisioner.go:56.15,56.39 1 0
github.com/laplogger/laplogger/database/provisioner.go:58.2,58.54 1 0
github.com/laplogger/laplogger/database/provisioner.go:58.54,60.3 1 0
github.com/laplogger/laplogger/database/provisioner.go:62.2,63.12 2 0
github.com/laplogger/laplogger/database/provisioner.go:66.44,68.16 2 0
github.com/laplogger/laplogger/database/provisioner.go:68.16,70.3 1 0
github.com/laplogger/laplogger/database/provisioner.go:72.2,73.16 2 0
github.com/laplogger/laplogger/database/provisioner.go:73.16,75.3 1 0
github.com/laplogger/laplogger/database/provisioner.go:77.2,78.16 2 0
github.com/laplogger/laplogger/database/provisioner.go:78.16,80.3 1 0
github.com/laplogger/laplogger/database/provisioner.go:82.2,82.61 1 0
github.com/laplogger/laplogger/database/provisioner.go:82.61,84.3 1 0
github.com/laplogger/laplogger/database/provisioner.go:86.2,86.12 1 0
github.com/laplogger/laplogger/database/queries.go:14.84,26.86 5 0
github.com/laplogger/laplogger/database/queries.go:26.86,28.3 1 0
github.com/laplogger/laplogger/database/queries.go:29.2,29.16 1 0
github.com/laplogger/laplogger/database/queries.go:33.70,38.26 3 0
github.com/laplogger/laplogger/database/queries.go:38.26,40.3 1 0
github.com/laplogger/laplogger/database/queries.go:41.2,41.16 1 0
github.com/laplogger/laplogger/database/queries.go:41.16,43.3 1 0
github.com/laplogger/laplogger/database/queries.go:44.2,44.16 1 0
github.com/laplogger/laplogger/database/queries.go:48.76,56.16 2 0
github.com/laplogger/laplogger/database/queries.go:56.16,58.3 1 0
github.com/laplogger/laplogger/database/queries.go:59.2,59.15 1 0
github.com/laplogger/laplogger/database/queries.go:59.15,59.35 1 0
github.com/laplogger/laplogger/database/queries.go:61.2,62.18 2 0
github.com/laplogger/laplogger/database/queries.go:62.18,64.85 2 0
github.com/laplogger/laplogger/database/queries.go:64.85,66.4 1 0
github.com/laplogger/laplogger/database/queries.go:67.3,67.31 1 0
github.com/laplogger/laplogger/database/queries.go:69.2,69.28 1 0
github.com/laplogger/laplogger/database/queries.go:73.76,78.26 3 0
github.com/laplogger/laplogger/database/queries.go:78.26,80.3 1 0
github.com/laplogger/laplogger/database/queries.go:81.2,81.16 1 0
github.com/laplogger/laplogger/database/queries.go:81.16,83.3 1 0
github.com/laplogger/laplogger/database/queries.go:84.2,84.16 1 0
github.com/laplogger/laplogger/database/queries.go:88.76,94.16 3 0
github.com/laplogger/laplogger/database/queries.go:94.16,96.3 1 0
github.com/laplogger/laplogger/database/queries.go:97.2,97.20 1 0
github.com/laplogger/laplogger/database/queries.go:102.113,104.16 2 0
github.com/laplogger/laplogger/database/queries.go:104.16,106.3 1 0
github.com/laplogger/laplogger/database/queries.go:107.2,107.15 1 0
github.com/laplogger/laplogger/database/queries.go:107.15,107.36 1 0
github.com/laplogger/laplogger/database/queries.go:109.2,118.16 5 0
github.com/laplogger/laplogger/database/queries.go:118.16,120.3 1 0
github.com/laplogger/laplogger/database/queries.go:122.2,126.16 2 0
github.com/laplogger/laplogger/database/queries.go:126.16,128.3 1 0
github.com/laplogger/laplogger/database/queries.go:130.2,130.36 1 0
github.com/laplogger/laplogger/database/queries.go:130.36,132.3 1 0
github.com/laplogger/laplogger/database/queries.go:133.2,133.16 1 0
github.com/laplogger/laplogger/database/queries.go:137.57,139.16 2 0
github.com/laplogger/laplogger/database/queries.go:139.16,141.3 1 0
github.com/laplogger/laplogger/database/queries.go:142.2,142.12 1 0
github.com/laplogger/laplogger/database/queries.go:147.80,153.16 2 0
github.com/laplogger/laplogger/database/queries.go:153.16,155.3 1 0
github.com/laplogger/laplogger/database/queries.go:156.2,157.16 2 0
github.com/laplogger/laplogger/database/queries.go:157.16,159.3 1 0
github.com/laplogger/laplogger/database/queries.go:160.2,160.30 1 0
github.com/laplogger/laplogger/database/tenant.go:23.73,31.2 1 1
github.com/laplogger/laplogger/database/tenant.go:35.64,38.36 2 0
github.com/laplogger/laplogger/database/tenant.go:38.36,41.3 2 0
github.com/laplogger/laplogger/database/tenant.go:42.2,49.36 4 0
github.com/laplogger/laplogger/database/tenant.go:49.36,51.3 1 0
github.com/laplogger/laplogger/database/tenant.go:53.2,59.16 3 0
github.com/laplogger/laplogger/database/tenant.go:59.16,61.3 1 0
github.com/laplogger/laplogger/database/tenant.go:63.2,63.34 1 0
github.com/laplogger/laplogger/database/tenant.go:63.34,66.3 2 0
github.com/laplogger/laplogger/database/tenant.go:68.2,73.16 5 0
github.com/laplogger/laplogger/database/tenant.go:77.34,81.33 3 1
github.com/laplogger/laplogger/database/tenant.go:81.33,82.36 1 0
github.com/laplogger/laplogger/database/tenant.go:82.36,84.4 1 0
github.com/laplogger/laplogger/database/tenant.go:86.2,86.37 1 1
github.com/laplogger/laplogger/middleware/auth.go:13.53,14.30 1 1
github.com/laplogger/laplogger/middleware/auth.go:14.30,16.23 2 1
github.com/laplogger/laplogger/middleware/auth.go:16.23,19.4 2 1
github.com/laplogger/laplogger/middleware/auth.go:21.3,22.64 2 1
github.com/laplogger/laplogger/middleware/auth.go:22.64,25.4 2 1
github.com/laplogger/laplogger/middleware/auth.go:27.3,29.77 2 1
github.com/laplogger/laplogger/middleware/auth.go:29.77,30.55 1 1
github.com/laplogger/laplogger/middleware/auth.go:30.55,32.5 1 1
github.com/laplogger/laplogger/middleware/auth.go:33.4,33.25 1 1
github.com/laplogger/laplogger/middleware/auth.go:35.3,35.33 1 1
github.com/laplogger/laplogger/middleware/auth.go:35.33,38.4 2 1
github.com/laplogger/laplogger/middleware/auth.go:40.3,41.10 2 1
github.com/laplogger/laplogger/middleware/auth.go:41.10,44.4 2 0
github.com/laplogger/laplogger/middleware/auth.go:46.3,47.16 2 1
github.com/laplogger/laplogger/middleware/auth.go:47.16,50.4 2 1
github.com/laplogger/laplogger/middleware/auth.go:52.3,53.48 2 1
github.com/laplogger/laplogger/middleware/auth.go:53.48,55.4 1 1
github.com/laplogger/laplogger/middleware/auth.go:56.3,56.46 1 1
github.com/laplogger/laplogger/middleware/auth.go:56.46,58.4 1 1
github.com/laplogger/laplogger/middleware/auth.go:60.3,60.11 1 1
github.com/laplogger/laplogger/middleware/tenant.go:13.103,14.30 1 0
github.com/laplogger/laplogger/middleware/tenant.go:14.30,16.21 2 0
github.com/laplogger/laplogger/middleware/tenant.go:16.21,19.4 2 0
github.com/laplogger/laplogger/middleware/tenant.go:21.3,22.14 2 0
github.com/laplogger/laplogger/middleware/tenant.go:22.14,25.4 2 0
github.com/laplogger/laplogger/middleware/tenant.go:28.3,29.17 2 0
github.com/laplogger/laplogger/middleware/tenant.go:29.17,32.4 2 0
github.com/laplogger/laplogger/middleware/tenant.go:33.3,33.16 1 0
github.com/laplogger/laplogger/middleware/tenant.go:33.16,36.4 2 0
github.com/laplogger/laplogger/middleware/tenant.go:39.3,40.17 2 0
github.com/laplogger/laplogger/middleware/tenant.go:40.17,43.4 2 0
github.com/laplogger/laplogger/middleware/tenant.go:44.3,44.20 1 0
github.com/laplogger/laplogger/middleware/tenant.go:44.20,47.4 2 0
github.com/laplogger/laplogger/middleware/tenant.go:50.3,51.17 2 0
github.com/laplogger/laplogger/middleware/tenant.go:51.17,54.4 2 0
github.com/laplogger/laplogger/middleware/tenant.go:56.3,58.11 3 0
github.com/laplogger/laplogger/middleware/tenant.go:63.42,66.2 2 0
github.com/laplogger/laplogger/handlers/auth.go:26.85,38.2 1 1
github.com/laplogger/laplogger/handlers/auth.go:41.51,44.2 2 1
github.com/laplogger/laplogger/handlers/auth.go:54.54,56.16 2 1
github.com/laplogger/laplogger/handlers/auth.go:56.16,59.3 2 1
github.com/laplogger/laplogger/handlers/auth.go:62.2,63.16 2 1
github.com/laplogger/laplogger/handlers/auth.go:63.16,67.3 3 1
github.com/laplogger/laplogger/handlers/auth.go:70.2,72.16 3 0
github.com/laplogger/laplogger/handlers/auth.go:72.16,76.3 3 0
github.com/laplogger/laplogger/handlers/auth.go:77.2,77.15 1 0
github.com/laplogger/laplogger/handlers/auth.go:77.15,77.40 1 0
github.com/laplogger/laplogger/handlers/auth.go:79.2,80.65 2 0
github.com/laplogger/laplogger/handlers/auth.go:80.65,84.3 3 0
github.com/laplogger/laplogger/handlers/auth.go:87.2,88.16 2 0
github.com/laplogger/laplogger/handlers/auth.go:88.16,92.3 3 0
github.com/laplogger/laplogger/handlers/auth.go:95.2,96.16 2 0
github.com/laplogger/laplogger/handlers/auth.go:96.16,100.3 3 0
github.com/laplogger/laplogger/handlers/auth.go:103.2,104.55 2 0
github.com/laplogger/laplogger/handlers/auth.go:108.45,110.13 2 1
github.com/laplogger/laplogger/handlers/auth.go:110.13,113.3 2 1
github.com/laplogger/laplogger/handlers/auth.go:115.2,116.16 2 0
github.com/laplogger/laplogger/handlers/auth.go:116.16,119.3 2 0
github.com/laplogger/laplogger/handlers/auth.go:120.2,120.17 1 0
github.com/laplogger/laplogger/handlers/auth.go:120.17,123.3 2 0
github.com/laplogger/laplogger/handlers/auth.go:125.2,125.29 1 0
github.com/laplogger/laplogger/handlers/auth.go:128.76,138.2 3 1
github.com/laplogger/laplogger/handlers/event.go:19.38,21.2 1 1
github.com/laplogger/laplogger/handlers/event.go:61.51,67.114 4 0
github.com/laplogger/laplogger/handlers/event.go:67.114,71.3 3 0
github.com/laplogger/laplogger/handlers/event.go:72.2,72.17 1 0
github.com/laplogger/laplogger/handlers/event.go:72.17,75.3 2 0
github.com/laplogger/laplogger/handlers/event.go:77.2,81.16 2 0
github.com/laplogger/laplogger/handlers/event.go:81.16,85.3 3 0
github.com/laplogger/laplogger/handlers/event.go:86.2,86.15 1 0
github.com/laplogger/laplogger/handlers/event.go:86.15,86.35 1 0
github.com/laplogger/laplogger/handlers/event.go:88.2,89.18 2 0
github.com/laplogger/laplogger/handlers/event.go:89.18,92.85 2 0
github.com/laplogger/laplogger/handlers/event.go:92.85,96.4 3 0
github.com/laplogger/laplogger/handlers/event.go:97.3,97.29 1 0
github.com/laplogger/laplogger/handlers/event.go:99.2,99.35 1 0
github.com/laplogger/laplogger/handlers/event.go:99.35,103.3 3 0
github.com/laplogger/laplogger/handlers/event.go:105.2,105.31 1 0
github.com/laplogger/laplogger/handlers/event.go:109.49,120.26 6 0
github.com/laplogger/laplogger/handlers/event.go:120.26,123.3 2 0
github.com/laplogger/laplogger/handlers/event.go:124.2,124.16 1 0
github.com/laplogger/laplogger/handlers/event.go:124.16,128.3 3 0
github.com/laplogger/laplogger/handlers/event.go:130.2,130.26 1 0
github.com/laplogger/laplogger/handlers/event.go:134.52,136.47 2 1
github.com/laplogger/laplogger/handlers/event.go:136.47,139.3 2 1
github.com/laplogger/laplogger/handlers/event.go:141.2,142.44 2 1
github.com/laplogger/laplogger/handlers/event.go:142.44,145.3 2 1
github.com/laplogger/laplogger/handlers/event.go:147.2,147.23 1 1
github.com/laplogger/laplogger/handlers/event.go:147.23,150.3 2 1
github.com/laplogger/laplogger/handlers/event.go:152.2,153.20 2 1
github.com/laplogger/laplogger/handlers/event.go:153.20,155.24 2 1
github.com/laplogger/laplogger/handlers/event.go:155.24,158.4 2 1
github.com/laplogger/laplogger/handlers/event.go:161.2,162.22 2 1
github.com/laplogger/laplogger/handlers/event.go:162.22,164.33 2 1
github.com/laplogger/laplogger/handlers/event.go:164.33,167.4 2 1
github.com/laplogger/laplogger/handlers/event.go:170.2,175.114 4 0
github.com/laplogger/laplogger/handlers/event.go:175.114,179.3 3 0
github.com/laplogger/laplogger/handlers/event.go:180.2,180.17 1 0
github.com/laplogger/laplogger/handlers/event.go:180.17,183.3 2 0
github.com/laplogger/laplogger/handlers/event.go:185.2,186.24 2 0
github.com/laplogger/laplogger/handlers/event.go:186.24,188.3 1 0
github.com/laplogger/laplogger/handlers/event.go:190.2,202.16 5 0
github.com/laplogger/laplogger/handlers/event.go:202.16,206.3 3 0
github.com/laplogger/laplogger/handlers/event.go:208.2,208.31 1 0
github.com/laplogger/laplogger/handlers/event.go:212.52,214.47 2 1
github.com/laplogger/laplogger/handlers/event.go:214.47,217.3 2 1
github.com/laplogger/laplogger/handlers/event.go:219.2,231.26 6 0
github.com/laplogger/laplogger/handlers/event.go:231.26,234.3 2 0
github.com/laplogger/laplogger/handlers/event.go:235.2,235.16 1 0
github.com/laplogger/laplogger/handlers/event.go:235.16,239.3 3 0
github.com/laplogger/laplogger/handlers/event.go:242.2,242.25 1 0
github.com/laplogger/laplogger/handlers/event.go:242.25,244.3 1 0
github.com/laplogger/laplogger/handlers/event.go:245.2,245.23 1 0
github.com/laplogger/laplogger/handlers/event.go:245.23,247.50 2 0
github.com/laplogger/laplogger/handlers/event.go:247.50,250.4 2 0
github.com/laplogger/laplogger/handlers/event.go:251.3,251.27 1 0
github.com/laplogger/laplogger/handlers/event.go:253.2,253.25 1 0
github.com/laplogger/laplogger/handlers/event.go:253.25,254.25 1 0
github.com/laplogger/laplogger/handlers/event.go:254.25,257.4 2 0
github.com/laplogger/laplogger/handlers/event.go:258.3,258.36 1 0
github.com/laplogger/laplogger/handlers/event.go:260.2,260.21 1 0
github.com/laplogger/laplogger/handlers/event.go:260.21,262.24 2 0
github.com/laplogger/laplogger/handlers/event.go:262.24,265.4 2 0
github.com/laplogger/laplogger/handlers/event.go:266.3,266.23 1 0
github.com/laplogger/laplogger/handlers/event.go:268.2,268.23 1 0
github.com/laplogger/laplogger/handlers/event.go:268.23,270.33 2 0
github.com/laplogger/laplogger/handlers/event.go:270.33,273.4 2 0
github.com/laplogger/laplogger/handlers/event.go:274.3,274.27 1 0
github.com/laplogger/laplogger/handlers/event.go:276.2,276.25 1 0
github.com/laplogger/laplogger/handlers/event.go:276.25,278.3 1 0
github.com/laplogger/laplogger/handlers/event.go:279.2,279.27 1 0
github.com/laplogger/laplogger/handlers/event.go:279.27,281.3 1 0
github.com/laplogger/laplogger/handlers/event.go:282.2,282.26 1 0
github.com/laplogger/laplogger/handlers/event.go:282.26,284.3 1 0
github.com/laplogger/laplogger/handlers/event.go:286.2,297.16 3 0
github.com/laplogger/laplogger/handlers/event.go:297.16,301.3 3 0
github.com/laplogger/laplogger/handlers/event.go:303.2,303.26 1 0
github.com/laplogger/laplogger/handlers/event.go:307.52,313.16 5 0
github.com/laplogger/laplogger/handlers/event.go:313.16,317.3 3 0
github.com/laplogger/laplogger/handlers/event.go:319.2,320.16 2 0
github.com/laplogger/laplogger/handlers/event.go:320.16,324.3 3 0
github.com/laplogger/laplogger/handlers/event.go:325.2,325.23 1 0
github.com/laplogger/laplogger/handlers/event.go:325.23,328.3 2 0
github.com/laplogger/laplogger/handlers/event.go:330.2,330.32 1 0
github.com/laplogger/laplogger/handlers/league.go:26.89,28.2 1 1
github.com/laplogger/laplogger/handlers/league.go:38.54,42.47 3 0
github.com/laplogger/laplogger/handlers/league.go:42.47,45.3 2 0
github.com/laplogger/laplogger/handlers/league.go:47.2,48.16 2 0
github.com/laplogger/laplogger/handlers/league.go:48.16,51.3 2 0
github.com/laplogger/laplogger/handlers/league.go:54.2,56.16 3 0
github.com/laplogger/laplogger/handlers/league.go:56.16,59.3 2 0
github.com/laplogger/laplogger/handlers/league.go:62.2,67.16 4 0
github.com/laplogger/laplogger/handlers/league.go:67.16,71.3 3 0
github.com/laplogger/laplogger/handlers/league.go:74.2,79.16 1 0
github.com/laplogger/laplogger/handlers/league.go:79.16,82.67 2 0
github.com/laplogger/laplogger/handlers/league.go:82.67,84.4 1 0
github.com/laplogger/laplogger/handlers/league.go:85.3,86.9 2 0
github.com/laplogger/laplogger/handlers/league.go:89.2,89.36 1 0
github.com/laplogger/laplogger/handlers/league.go:93.53,97.16 3 0
github.com/laplogger/laplogger/handlers/league.go:97.16,101.3 3 0
github.com/laplogger/laplogger/handlers/league.go:103.2,103.20 1 0
github.com/laplogger/laplogger/handlers/league.go:103.20,105.3 1 0
github.com/laplogger/laplogger/handlers/league.go:107.2,107.32 1 0
github.com/laplogger/laplogger/handlers/meet.go:19.36,21.2 1 1
github.com/laplogger/laplogger/handlers/meet.go:38.49,42.16 3 0
github.com/laplogger/laplogger/handlers/meet.go:42.16,46.3 3 0
github.com/laplogger/laplogger/handlers/meet.go:47.2,47.15 1 0
github.com/laplogger/laplogger/handlers/meet.go:47.15,47.35 1 0
github.com/laplogger/laplogger/handlers/meet.go:49.2,50.18 2 0
github.com/laplogger/laplogger/handlers/meet.go:50.18,52.104 2 0
github.com/laplogger/laplogger/handlers/meet.go:52.104,56.4 3 0
github.com/laplogger/laplogger/handlers/meet.go:57.3,57.27 1 0
github.com/laplogger/laplogger/handlers/meet.go:59.2,59.35 1 0
github.com/laplogger/laplogger/handlers/meet.go:59.35,63.3 3 0
github.com/laplogger/laplogger/handlers/meet.go:65.2,65.30 1 0
github.com/laplogger/laplogger/handlers/meet.go:69.47,77.26 5 0
github.com/laplogger/laplogger/handlers/meet.go:77.26,80.3 2 0
github.com/laplogger/laplogger/handlers/meet.go:81.2,81.16 1 0
github.com/laplogger/laplogger/handlers/meet.go:81.16,85.3 3 0
github.com/laplogger/laplogger/handlers/meet.go:87.2,87.26 1 0
github.com/laplogger/laplogger/handlers/meet.go:91.50,93.47 2 1
github.com/laplogger/laplogger/handlers/meet.go:93.47,96.3 2 1
github.com/laplogger/laplogger/handlers/meet.go:98.2,99.16 2 1
github.com/laplogger/laplogger/handlers/meet.go:99.16,102.3 2 1
github.com/laplogger/laplogger/handlers/meet.go:103.2,105.25 3 0
github.com/laplogger/laplogger/handlers/meet.go:105.25,107.3 1 0
github.com/laplogger/laplogger/handlers/meet.go:109.2,119.16 5 0
github.com/laplogger/laplogger/handlers/meet.go:119.16,123.3 3 0
github.com/laplogger/laplogger/handlers/meet.go:125.2,125.31 1 0
github.com/laplogger/laplogger/handlers/meet.go:129.50,131.47 2 1
github.com/laplogger/laplogger/handlers/meet.go:131.47,134.3 2 1
github.com/laplogger/laplogger/handlers/meet.go:136.2,144.26 5 0
github.com/laplogger/laplogger/handlers/meet.go:144.26,147.3 2 0
github.com/laplogger/laplogger/handlers/meet.go:148.2,148.16 1 0
github.com/laplogger/laplogger/handlers/meet.go:148.16,152.3 3 0
github.com/laplogger/laplogger/handlers/meet.go:155.2,155.21 1 0
github.com/laplogger/laplogger/handlers/meet.go:155.21,157.17 2 0
github.com/laplogger/laplogger/handlers/meet.go:157.17,160.4 2 0
github.com/laplogger/laplogger/handlers/meet.go:161.3,161.23 1 0
github.com/laplogger/laplogger/handlers/meet.go:163.2,163.25 1 0
github.com/laplogger/laplogger/handlers/meet.go:163.25,165.3 1 0
github.com/laplogger/laplogger/handlers/meet.go:166.2,167.30 2 0
github.com/laplogger/laplogger/handlers/meet.go:167.30,169.3 1 0
github.com/laplogger/laplogger/handlers/meet.go:170.2,170.25 1 0
github.com/laplogger/laplogger/handlers/meet.go:170.25,172.3 1 0
github.com/laplogger/laplogger/handlers/meet.go:173.2,173.25 1 0
github.com/laplogger/laplogger/handlers/meet.go:173.25,175.3 1 0
github.com/laplogger/laplogger/handlers/meet.go:177.2,185.16 3 0
github.com/laplogger/laplogger/handlers/meet.go:185.16,189.3 3 0
github.com/laplogger/laplogger/handlers/meet.go:191.2,191.26 1 0
github.com/laplogger/laplogger/handlers/meet.go:195.50,200.16 4 0
github.com/laplogger/laplogger/handlers/meet.go:200.16,204.3 3 0
github.com/laplogger/laplogger/handlers/meet.go:206.2,207.16 2 0
github.com/laplogger/laplogger/handlers/meet.go:207.16,211.3 3 0
github.com/laplogger/laplogger/handlers/meet.go:212.2,212.23 1 0
github.com/laplogger/laplogger/handlers/meet.go:212.23,215.3 2 0
github.com/laplogger/laplogger/handlers/meet.go:217.2,217.32 1 0
github.com/laplogger/laplogger/handlers/swimmer.go:19.42,21.2 1 1
github.com/laplogger/laplogger/handlers/swimmer.go:40.55,46.18 5 0
github.com/laplogger/laplogger/handlers/swimmer.go:46.18,51.3 1 0
github.com/laplogger/laplogger/handlers/swimmer.go:51.8,56.3 1 0
github.com/laplogger/laplogger/handlers/swimmer.go:57.2,57.16 1 0
github.com/laplogger/laplogger/handlers/swimmer.go:57.16,61.3 3 0
github.com/laplogger/laplogger/handlers/swimmer.go:62.2,62.15 1 0
github.com/laplogger/laplogger/handlers/swimmer.go:62.15,62.35 1 0
github.com/laplogger/laplogger/handlers/swimmer.go:64.2,65.18 2 0
github.com/laplogger/laplogger/handlers/swimmer.go:65.18,67.121 2 0
github.com/laplogger/laplogger/handlers/swimmer.go:67.121,71.4 3 0
github.com/laplogger/laplogger/handlers/swimmer.go:72.3,72.33 1 0
github.com/laplogger/laplogger/handlers/swimmer.go:74.2,74.35 1 0
github.com/laplogger/laplogger/handlers/swimmer.go:74.35,78.3 3 0
github.com/laplogger/laplogger/handlers/swimmer.go:80.2,80.33 1 0
github.com/laplogger/laplogger/handlers/swimmer.go:84.53,93.26 5 0
github.com/laplogger/laplogger/handlers/swimmer.go:93.26,96.3 2 0
github.com/laplogger/laplogger/handlers/swimmer.go:97.2,97.16 1 0
github.com/laplogger/laplogger/handlers/swimmer.go:97.16,101.3 3 0
github.com/laplogger/laplogger/handlers/swimmer.go:103.2,103.26 1 0
github.com/laplogger/laplogger/handlers/swimmer.go:107.56,109.47 2 1
github.com/laplogger/laplogger/handlers/swimmer.go:109.47,112.3 2 1
github.com/laplogger/laplogger/handlers/swimmer.go:114.2,116.39 3 1
github.com/laplogger/laplogger/handlers/swimmer.go:116.39,119.3 2 1
github.com/laplogger/laplogger/handlers/swimmer.go:121.2,122.36 2 1
github.com/laplogger/laplogger/handlers/swimmer.go:122.36,125.3 2 1
github.com/laplogger/laplogger/handlers/swimmer.go:127.2,132.16 4 0
github.com/laplogger/laplogger/handlers/swimmer.go:132.16,136.3 3 0
github.com/laplogger/laplogger/handlers/swimmer.go:137.2,137.17 1 0
github.com/laplogger/laplogger/handlers/swimmer.go:137.17,140.3 2 0
github.com/laplogger/laplogger/handlers/swimmer.go:142.2,151.16 4 0
github.com/laplogger/laplogger/handlers/swimmer.go:151.16,155.3 3 0
github.com/laplogger/laplogger/handlers/swimmer.go:157.2,157.31 1 0
github.com/laplogger/laplogger/handlers/swimmer.go:161.56,163.47 2 1
github.com/laplogger/laplogger/handlers/swimmer.go:163.47,166.3 2 1
github.com/laplogger/laplogger/handlers/swimmer.go:168.2,178.26 5 0
github.com/laplogger/laplogger/handlers/swimmer.go:178.26,181.3 2 0
github.com/laplogger/laplogger/handlers/swimmer.go:182.2,182.16 1 0
github.com/laplogger/laplogger/handlers/swimmer.go:182.16,186.3 3 0
github.com/laplogger/laplogger/handlers/swimmer.go:189.2,189.23 1 0
github.com/laplogger/laplogger/handlers/swimmer.go:189.23,191.120 2 0
github.com/laplogger/laplogger/handlers/swimmer.go:191.120,195.4 3 0
github.com/laplogger/laplogger/handlers/swimmer.go:196.3,196.18 1 0
github.com/laplogger/laplogger/handlers/swimmer.go:196.18,199.4 2 0
github.com/laplogger/laplogger/handlers/swimmer.go:200.3,200.32 1 0
github.com/laplogger/laplogger/handlers/swimmer.go:202.2,202.26 1 0
github.com/laplogger/laplogger/handlers/swimmer.go:202.26,204.17 2 0
github.com/laplogger/laplogger/handlers/swimmer.go:204.17,207.4 2 0
github.com/laplogger/laplogger/handlers/swimmer.go:208.3,208.28 1 0
github.com/laplogger/laplogger/handlers/swimmer.go:210.2,210.25 1 0
github.com/laplogger/laplogger/handlers/swimmer.go:210.25,212.17 2 0
github.com/laplogger/laplogger/handlers/swimmer.go:212.17,215.4 2 0
github.com/laplogger/laplogger/handlers/swimmer.go:216.3,216.27 1 0
github.com/laplogger/laplogger/handlers/swimmer.go:218.2,219.33 2 0
github.com/laplogger/laplogger/handlers/swimmer.go:219.33,221.3 1 0
github.com/laplogger/laplogger/handlers/swimmer.go:222.2,222.28 1 0
github.com/laplogger/laplogger/handlers/swimmer.go:222.28,224.3 1 0
github.com/laplogger/laplogger/handlers/swimmer.go:225.2,225.23 1 0
github.com/laplogger/laplogger/handlers/swimmer.go:225.23,227.37 2 0
github.com/laplogger/laplogger/handlers/swimmer.go:227.37,230.4 2 0
github.com/laplogger/laplogger/handlers/swimmer.go:231.3,231.27 1 0
github.com/laplogger/laplogger/handlers/swimmer.go:234.2,242.16 3 0
github.com/laplogger/laplogger/handlers/swimmer.go:242.16,246.3 3 0
github.com/laplogger/laplogger/handlers/swimmer.go:248.2,248.26 1 0
github.com/laplogger/laplogger/handlers/swimmer.go:252.56,257.16 4 0
github.com/laplogger/laplogger/handlers/swimmer.go:257.16,261.3 3 0
github.com/laplogger/laplogger/handlers/swimmer.go:263.2,264.16 2 0
github.com/laplogger/laplogger/handlers/swimmer.go:264.16,268.3 3 0
github.com/laplogger/laplogger/handlers/swimmer.go:269.2,269.23 1 0
github.com/laplogger/laplogger/handlers/swimmer.go:269.23,272.3 2 0
github.com/laplogger/laplogger/handlers/swimmer.go:274.2,274.32 1 0
github.com/laplogger/laplogger/handlers/team.go:19.36,21.2 1 1
github.com/laplogger/laplogger/handlers/team.go:34.49,38.16 3 0
github.com/laplogger/laplogger/handlers/team.go:38.16,42.3 3 0
github.com/laplogger/laplogger/handlers/team.go:43.2,43.15 1 0
github.com/laplogger/laplogger/handlers/team.go:43.15,43.35 1 0
github.com/laplogger/laplogger/handlers/team.go:45.2,46.18 2 0
github.com/laplogger/laplogger/handlers/team.go:46.18,48.79 2 0
github.com/laplogger/laplogger/handlers/team.go:48.79,52.4 3 0
github.com/laplogger/laplogger/handlers/team.go:53.3,53.27 1 0
github.com/laplogger/laplogger/handlers/team.go:55.2,55.35 1 0
github.com/laplogger/laplogger/handlers/team.go:55.35,59.3 3 0
github.com/laplogger/laplogger/handlers/team.go:61.2,61.30 1 0
github.com/laplogger/laplogger/handlers/team.go:65.47,73.26 5 0
github.com/laplogger/laplogger/handlers/team.go:73.26,76.3 2 0
github.com/laplogger/laplogger/handlers/team.go:77.2,77.16 1 0
github.com/laplogger/laplogger/handlers/team.go:77.16,81.3 3 0
github.com/laplogger/laplogger/handlers/team.go:83.2,83.26 1 0
github.com/laplogger/laplogger/handlers/team.go:87.50,89.47 2 1
github.com/laplogger/laplogger/handlers/team.go:89.47,92.3 2 1
github.com/laplogger/laplogger/handlers/team.go:94.2,95.16 2 1
github.com/laplogger/laplogger/handlers/team.go:95.16,98.3 2 1
github.com/laplogger/laplogger/handlers/team.go:99.2,108.16 6 0
github.com/laplogger/laplogger/handlers/team.go:108.16,112.3 3 0
github.com/laplogger/laplogger/handlers/team.go:114.2,114.31 1 0
github.com/laplogger/laplogger/handlers/team.go:118.50,120.47 2 1
github.com/laplogger/laplogger/handlers/team.go:120.47,123.3 2 1
github.com/laplogger/laplogger/handlers/team.go:125.2,133.26 5 0
github.com/laplogger/laplogger/handlers/team.go:133.26,136.3 2 0
github.com/laplogger/laplogger/handlers/team.go:137.2,137.16 1 0
github.com/laplogger/laplogger/handlers/team.go:137.16,141.3 3 0
github.com/laplogger/laplogger/handlers/team.go:144.2,144.21 1 0
github.com/laplogger/laplogger/handlers/team.go:144.21,146.17 2 0
github.com/laplogger/laplogger/handlers/team.go:146.17,149.4 2 0
github.com/laplogger/laplogger/handlers/team.go:150.3,150.23 1 0
github.com/laplogger/laplogger/handlers/team.go:152.2,152.26 1 0
github.com/laplogger/laplogger/handlers/team.go:152.26,154.3 1 0
github.com/laplogger/laplogger/handlers/team.go:156.2,161.16 3 0
github.com/laplogger/laplogger/handlers/team.go:161.16,165.3 3 0
github.com/laplogger/laplogger/handlers/team.go:167.2,167.26 1 0
github.com/laplogger/laplogger/handlers/team.go:171.50,176.16 4 0
github.com/laplogger/laplogger/handlers/team.go:176.16,180.3 3 0
github.com/laplogger/laplogger/handlers/team.go:182.2,183.16 2 0
github.com/laplogger/laplogger/handlers/team.go:183.16,187.3 3 0
github.com/laplogger/laplogger/handlers/team.go:188.2,188.23 1 0
github.com/laplogger/laplogger/handlers/team.go:188.23,191.3 2 0
github.com/laplogger/laplogger/handlers/team.go:193.2,193.32 1 0
github.com/laplogger/laplogger/handlers/time_entry.go:19.36,21.2 1 1
github.com/laplogger/laplogger/handlers/time_entry.go:36.49,45.35 5 0
github.com/laplogger/laplogger/handlers/time_entry.go:45.35,49.3 3 0
github.com/laplogger/laplogger/handlers/time_entry.go:50.2,50.18 1 0
github.com/laplogger/laplogger/handlers/time_entry.go:50.18,53.3 2 0
github.com/laplogger/laplogger/handlers/time_entry.go:55.2,59.16 2 0
github.com/laplogger/laplogger/handlers/time_entry.go:59.16,63.3 3 0
github.com/laplogger/laplogger/handlers/time_entry.go:64.2,64.15 1 0
github.com/laplogger/laplogger/handlers/time_entry.go:64.15,64.35 1 0
github.com/laplogger/laplogger/handlers/time_entry.go:66.2,67.18 2 0
github.com/laplogger/laplogger/handlers/time_entry.go:67.18,69.118 2 0
github.com/laplogger/laplogger/handlers/time_entry.go:69.118,73.4 3 0
github.com/laplogger/laplogger/handlers/time_entry.go:74.3,74.27 1 0
github.com/laplogger/laplogger/handlers/time_entry.go:76.2,76.35 1 0
github.com/laplogger/laplogger/handlers/time_entry.go:76.35,80.3 3 0
github.com/laplogger/laplogger/handlers/time_entry.go:82.2,82.30 1 0
github.com/laplogger/laplogger/handlers/time_entry.go:86.47,96.35 6 0
github.com/laplogger/laplogger/handlers/time_entry.go:96.35,100.3 3 0
github.com/laplogger/laplogger/handlers/time_entry.go:101.2,101.18 1 0
github.com/laplogger/laplogger/handlers/time_entry.go:101.18,104.3 2 0
github.com/laplogger/laplogger/handlers/time_entry.go:106.2,111.26 3 0
github.com/laplogger/laplogger/handlers/time_entry.go:111.26,114.3 2 0
github.com/laplogger/laplogger/handlers/time_entry.go:115.2,115.16 1 0
github.com/laplogger/laplogger/handlers/time_entry.go:115.16,119.3 3 0
github.com/laplogger/laplogger/handlers/time_entry.go:121.2,121.26 1 0
github.com/laplogger/laplogger/handlers/time_entry.go:125.50,127.47 2 1
github.com/laplogger/laplogger/handlers/time_entry.go:127.47,130.3 2 1
github.com/laplogger/laplogger/handlers/time_entry.go:132.2,132.29 1 1
github.com/laplogger/laplogger/handlers/time_entry.go:132.29,135.3 2 1
github.com/laplogger/laplogger/handlers/time_entry.go:137.2,145.35 5 0
github.com/laplogger/laplogger/handlers/time_entry.go:145.35,149.3 3 0
github.com/laplogger/laplogger/handlers/time_entry.go:150.2,150.18 1 0
github.com/laplogger/laplogger/handlers/time_entry.go:150.18,153.3 2 0
github.com/laplogger/laplogger/handlers/time_entry.go:156.2,157.127 2 0
github.com/laplogger/laplogger/handlers/time_entry.go:157.127,161.3 3 0
github.com/laplogger/laplogger/handlers/time_entry.go:162.2,162.20 1 0
github.com/laplogger/laplogger/handlers/time_entry.go:162.20,165.3 2 0
github.com/laplogger/laplogger/handlers/time_entry.go:167.2,176.16 4 0
github.com/laplogger/laplogger/handlers/time_entry.go:176.16,177.31 1 0
github.com/laplogger/laplogger/handlers/time_entry.go:177.31,180.4 2 0
github.com/laplogger/laplogger/handlers/time_entry.go:181.3,183.9 3 0
github.com/laplogger/laplogger/handlers/time_entry.go:186.2,186.31 1 0
github.com/laplogger/laplogger/handlers/time_entry.go:190.50,192.47 2 1
github.com/laplogger/laplogger/handlers/time_entry.go:192.47,195.3 2 1
github.com/laplogger/laplogger/handlers/time_entry.go:197.2,206.35 6 0
github.com/laplogger/laplogger/handlers/time_entry.go:206.35,210.3 3 0
github.com/laplogger/laplogger/handlers/time_entry.go:211.2,211.18 1 0
github.com/laplogger/laplogger/handlers/time_entry.go:211.18,214.3 2 0
github.com/laplogger/laplogger/handlers/time_entry.go:217.2,223.26 3 0
github.com/laplogger/laplogger/handlers/time_entry.go:223.26,226.3 2 0
github.com/laplogger/laplogger/handlers/time_entry.go:227.2,227.16 1 0
github.com/laplogger/laplogger/handlers/time_entry.go:227.16,231.3 3 0
github.com/laplogger/laplogger/handlers/time_entry.go:234.2,234.26 1 0
github.com/laplogger/laplogger/handlers/time_entry.go:234.26,236.129 2 0
github.com/laplogger/laplogger/handlers/time_entry.go:236.129,240.4 3 0
github.com/laplogger/laplogger/handlers/time_entry.go:241.3,241.21 1 0
github.com/laplogger/laplogger/handlers/time_entry.go:241.21,244.4 2 0
github.com/laplogger/laplogger/handlers/time_entry.go:245.3,245.38 1 0
github.com/laplogger/laplogger/handlers/time_entry.go:247.2,247.31 1 0
github.com/laplogger/laplogger/handlers/time_entry.go:247.31,248.31 1 0
github.com/laplogger/laplogger/handlers/time_entry.go:248.31,251.4 2 0
github.com/laplogger/laplogger/handlers/time_entry.go:252.3,252.48 1 0
github.com/laplogger/laplogger/handlers/time_entry.go:254.2,254.29 1 0
github.com/laplogger/laplogger/handlers/time_entry.go:254.29,256.3 1 0
github.com/laplogger/laplogger/handlers/time_entry.go:258.2,266.16 3 0
github.com/laplogger/laplogger/handlers/time_entry.go:266.16,267.31 1 0
github.com/laplogger/laplogger/handlers/time_entry.go:267.31,270.4 2 0
github.com/laplogger/laplogger/handlers/time_entry.go:271.3,273.9 3 0
github.com/laplogger/laplogger/handlers/time_entry.go:276.2,276.26 1 0
github.com/laplogger/laplogger/handlers/time_entry.go:280.50,290.35 6 0
github.com/laplogger/laplogger/handlers/time_entry.go:290.35,294.3 3 0
github.com/laplogger/laplogger/handlers/time_entry.go:295.2,295.18 1 0
github.com/laplogger/laplogger/handlers/time_entry.go:295.18,298.3 2 0
github.com/laplogger/laplogger/handlers/time_entry.go:300.2,301.16 2 0
github.com/laplogger/laplogger/handlers/time_entry.go:301.16,305.3 3 0
github.com/laplogger/laplogger/handlers/time_entry.go:307.2,308.16 2 0
github.com/laplogger/laplogger/handlers/time_entry.go:308.16,312.3 3 0
github.com/laplogger/laplogger/handlers/time_entry.go:313.2,313.23 1 0
github.com/laplogger/laplogger/handlers/time_entry.go:313.23,316.3 2 0
github.com/laplogger/laplogger/handlers/time_entry.go:318.2,318.32 1 0
github.com/laplogger/laplogger/handlers/time_entry.go:322.42,324.2 1 1
